[2025-12-06 18:22:27] ID Properti: 47
[2025-12-06 18:22:27] ID User dari GET: 10
[2025-12-06 18:22:27] ERROR: Database connection failed
[2025-12-06 18:22:27] EXCEPTION: Koneksi database gagal
[2025-12-06 18:22:28] ID Properti: 47
[2025-12-06 18:22:28] ID User dari GET: 10
[2025-12-06 18:22:28] ERROR: Database connection failed
[2025-12-06 18:22:28] EXCEPTION: Koneksi database gagal
[2025-12-06 18:31:20] === NEW REQUEST ===
[2025-12-06 18:31:20] ID Properti: 47
[2025-12-06 18:31:20] ID User dari GET: 10
[2025-12-06 18:31:20] Data ditemukan - Owner ID: 10, Request dari: 10
[2025-12-06 18:31:20] Data berhasil dimuat - Total foto: 1
[2025-12-06 18:31:20] === NEW REQUEST ===
[2025-12-06 18:31:20] ID Properti: 47
[2025-12-06 18:31:20] ID User dari GET: 10
[2025-12-06 18:31:20] Data ditemukan - Owner ID: 10, Request dari: 10
[2025-12-06 18:31:20] Data berhasil dimuat - Total foto: 1
[2025-12-06 18:35:46] === NEW REQUEST ===
[2025-12-06 18:35:46] ID Properti: 47
[2025-12-06 18:35:46] ID User dari GET: 10
[2025-12-06 18:35:46] Data ditemukan - Owner ID: 10, Request dari: 10
[2025-12-06 18:35:46] Data berhasil dimuat - Total foto: 1
[2025-12-06 18:35:46] === NEW REQUEST ===
[2025-12-06 18:35:46] ID Properti: 47
[2025-12-06 18:35:46] ID User dari GET: 10
[2025-12-06 18:35:46] Data ditemukan - Owner ID: 10, Request dari: 10
[2025-12-06 18:35:46] Data berhasil dimuat - Total foto: 1
[2025-12-06 18:36:45] === NEW REQUEST ===
[2025-12-06 18:36:45] ID Properti: 46
[2025-12-06 18:36:45] ID User dari GET: 10
[2025-12-06 18:36:45] Data ditemukan - Owner ID: 10, Request dari: 10
[2025-12-06 18:36:45] Data berhasil dimuat - Total foto: 1
[2025-12-06 18:37:39] === NEW REQUEST ===
[2025-12-06 18:37:39] ID Properti: 47
[2025-12-06 18:37:39] ID User dari GET: 10
[2025-12-06 18:37:40] Data ditemukan - Owner ID: 10, Request dari: 10
[2025-12-06 18:37:40] Data berhasil dimuat - Total foto: 1
[2025-12-06 18:46:12] === NEW REQUEST ===
[2025-12-06 18:46:12] ID Properti: 47
[2025-12-06 18:46:12] ID User dari GET: 10
[2025-12-06 18:46:12] Data ditemukan - Owner ID: 10, Request dari: 10
[2025-12-06 18:46:12] Data berhasil dimuat - Total foto: 1
[2025-12-06 18:46:13] === NEW REQUEST ===
[2025-12-06 18:46:13] ID Properti: 47
[2025-12-06 18:46:13] ID User dari GET: 10
[2025-12-06 18:46:13] Data ditemukan - Owner ID: 10, Request dari: 10
[2025-12-06 18:46:13] Data berhasil dimuat - Total foto: 1
[2025-12-06 18:46:13] === NEW REQUEST ===
[2025-12-06 18:46:13] ID Properti: 47
[2025-12-06 18:46:13] ID User dari GET: 10
[2025-12-06 18:46:13] Data ditemukan - Owner ID: 10, Request dari: 10
[2025-12-06 18:46:13] Data berhasil dimuat - Total foto: 1
[2025-12-06 18:47:10] === NEW REQUEST ===
[2025-12-06 18:47:10] ID Properti: 46
[2025-12-06 18:47:10] ID User dari GET: 10
[2025-12-06 18:47:10] Data ditemukan - Owner ID: 10, Request dari: 10
[2025-12-06 18:47:10] Data berhasil dimuat - Total foto: 1
[2025-12-06 18:53:58] === NEW REQUEST ===
[2025-12-06 18:53:58] ID Properti: 47
[2025-12-06 18:53:58] ID User dari GET: 10
[2025-12-06 18:53:58] Data ditemukan - Owner ID: 10, Request dari: 10
[2025-12-06 18:53:58] Data berhasil dimuat - Total foto: 1
[2025-12-06 18:54:46] === NEW REQUEST ===
[2025-12-06 18:54:46] ID Properti: 46
[2025-12-06 18:54:46] ID User dari GET: 10
[2025-12-06 18:54:46] Data ditemukan - Owner ID: 10, Request dari: 10
[2025-12-06 18:54:46] Data berhasil dimuat - Total foto: 1
[2025-12-06 18:55:33] === NEW REQUEST ===
[2025-12-06 18:55:33] ID Properti: 45
[2025-12-06 18:55:33] ID User dari GET: 10
[2025-12-06 18:55:33] Data ditemukan - Owner ID: 10, Request dari: 10
[2025-12-06 18:55:33] Data berhasil dimuat - Total foto: 1
[2025-12-06 18:55:46] === NEW REQUEST ===
[2025-12-06 18:55:46] ID Properti: 45
[2025-12-06 18:55:46] ID User dari GET: 10
[2025-12-06 18:55:46] Data ditemukan - Owner ID: 10, Request dari: 10
[2025-12-06 18:55:46] Data berhasil dimuat - Total foto: 1
[2025-12-06 18:56:29] === NEW REQUEST ===
[2025-12-06 18:56:29] ID Properti: 47
[2025-12-06 18:56:29] ID User dari GET: 10
[2025-12-06 18:56:29] Data ditemukan - Owner ID: 10, Request dari: 10
[2025-12-06 18:56:29] Data berhasil dimuat - Total foto: 1
[2025-12-06 18:56:57] === NEW REQUEST ===
[2025-12-06 18:56:57] ID Properti: 47
[2025-12-06 18:56:57] ID User dari GET: 10
[2025-12-06 18:56:57] Data ditemukan - Owner ID: 10, Request dari: 10
[2025-12-06 18:56:57] Data berhasil dimuat - Total foto: 1
[2025-12-06 19:24:17] === NEW REQUEST ===
[2025-12-06 19:24:17] ID Properti: 47
[2025-12-06 19:24:17] ID User dari GET: 10
[2025-12-06 19:24:17] Data ditemukan - Owner ID: 10, Request dari: 10
[2025-12-06 19:24:17] Data berhasil dimuat - Total foto: 1
[2025-12-06 19:30:20] === NEW REQUEST ===
[2025-12-06 19:30:20] ID Properti: 47
[2025-12-06 19:30:20] ID User dari GET: 10
[2025-12-06 19:30:20] Data ditemukan - Owner ID: 10, Request dari: 10
[2025-12-06 19:30:20] Data berhasil dimuat - Total foto: 1
[2025-12-07 08:54:04] === NEW REQUEST ===
[2025-12-07 08:54:04] ID Properti: 47
[2025-12-07 08:54:04] ID User dari GET: 10
[2025-12-07 08:54:04] Data ditemukan - Owner ID: 10, Request dari: 10
[2025-12-07 08:54:04] Data berhasil dimuat - Total foto: 1
[2025-12-07 08:56:37] === NEW REQUEST ===
[2025-12-07 08:56:37] ID Properti: 47
[2025-12-07 08:56:37] ID User dari GET: 10
[2025-12-07 08:56:37] Data ditemukan - Owner ID: 10, Request dari: 10
[2025-12-07 08:56:37] Data berhasil dimuat - Total foto: 1
[2025-12-07 08:57:09] === NEW REQUEST ===
[2025-12-07 08:57:09] ID Properti: 47
[2025-12-07 08:57:09] ID User dari GET: 10
[2025-12-07 08:57:09] Data ditemukan - Owner ID: 10, Request dari: 10
[2025-12-07 08:57:09] Data berhasil dimuat - Total foto: 1
[2025-12-07 08:57:59] === NEW REQUEST ===
[2025-12-07 08:57:59] ID Properti: 47
[2025-12-07 08:57:59] ID User dari GET: 10
[2025-12-07 08:57:59] Data ditemukan - Owner ID: 10, Request dari: 10
[2025-12-07 08:57:59] Data berhasil dimuat - Total foto: 2
[2025-12-07 08:58:14] === NEW REQUEST ===
[2025-12-07 08:58:14] ID Properti: 47
[2025-12-07 08:58:14] ID User dari GET: 10
[2025-12-07 08:58:14] Data ditemukan - Owner ID: 10, Request dari: 10
[2025-12-07 08:58:14] Data berhasil dimuat - Total foto: 2
[2025-12-07 08:58:39] === NEW REQUEST ===
[2025-12-07 08:58:39] ID Properti: 47
[2025-12-07 08:58:39] ID User dari GET: 10
[2025-12-07 08:58:39] Data ditemukan - Owner ID: 10, Request dari: 10
[2025-12-07 08:58:39] Data berhasil dimuat - Total foto: 2
[2025-12-07 09:04:45] === NEW REQUEST ===
[2025-12-07 09:04:45] ID Properti: 47
[2025-12-07 09:04:45] ID User dari GET: 10
[2025-12-07 09:04:45] Data ditemukan - Owner ID: 10, Request dari: 10
[2025-12-07 09:04:45] Data berhasil dimuat - Total foto: 3
[2025-12-07 09:09:04] === NEW REQUEST ===
[2025-12-07 09:09:04] ID Properti: 47
[2025-12-07 09:09:04] ID User dari GET: 10
[2025-12-07 09:09:04] Data ditemukan - Owner ID: 10, Request dari: 10
[2025-12-07 09:09:04] Data berhasil dimuat - Total foto: 4
[2025-12-07 09:12:49] === NEW REQUEST ===
[2025-12-07 09:12:49] ID Properti: 47
[2025-12-07 09:12:49] ID User dari GET: 10
[2025-12-07 09:12:49] Data ditemukan - Owner ID: 10, Request dari: 10
[2025-12-07 09:12:49] Data berhasil dimuat - Total foto: 4
[2025-12-07 09:30:50] === NEW REQUEST ===
[2025-12-07 09:30:50] ID Properti: 45
[2025-12-07 09:30:50] ID User dari GET: 10
[2025-12-07 09:30:50] Data ditemukan - Owner ID: 10, Request dari: 10
[2025-12-07 09:30:50] Data berhasil dimuat - Total foto: 1
[2025-12-07 09:32:07] === NEW REQUEST ===
[2025-12-07 09:32:07] ID Properti: 45
[2025-12-07 09:32:07] ID User dari GET: 10
[2025-12-07 09:32:07] Data ditemukan - Owner ID: 10, Request dari: 10
[2025-12-07 09:32:07] Data berhasil dimuat - Total foto: 1
[2025-12-07 09:32:58] === NEW REQUEST ===
[2025-12-07 09:32:58] ID Properti: 47
[2025-12-07 09:32:58] ID User dari GET: 10
[2025-12-07 09:32:58] Data ditemukan - Owner ID: 10, Request dari: 10
[2025-12-07 09:32:58] Data berhasil dimuat - Total foto: 4
[2025-12-07 09:33:08] === NEW REQUEST ===
[2025-12-07 09:33:08] ID Properti: 45
[2025-12-07 09:33:08] ID User dari GET: 10
[2025-12-07 09:33:08] Data ditemukan - Owner ID: 10, Request dari: 10
[2025-12-07 09:33:08] Data berhasil dimuat - Total foto: 1
[2025-12-07 09:37:16] === NEW REQUEST ===
[2025-12-07 09:37:16] ID Properti: 45
[2025-12-07 09:37:16] ID User dari GET: 10
[2025-12-07 09:37:16] Data ditemukan - Owner ID: 10, Request dari: 10
[2025-12-07 09:37:16] Data berhasil dimuat - Total foto: 1
[2025-12-07 09:37:40] === NEW REQUEST ===
[2025-12-07 09:37:40] ID Properti: 45
[2025-12-07 09:37:40] ID User dari GET: 10
[2025-12-07 09:37:40] Data ditemukan - Owner ID: 10, Request dari: 10
[2025-12-07 09:37:40] Data berhasil dimuat - Total foto: 1
[2025-12-07 09:44:11] === NEW REQUEST ===
[2025-12-07 09:44:11] ID Properti: 45
[2025-12-07 09:44:11] ID User dari GET: 10
[2025-12-07 09:44:11] Data ditemukan - Owner ID: 10, Request dari: 10
[2025-12-07 09:44:11] Data berhasil dimuat - Total foto: 1
[2025-12-07 09:45:07] === NEW REQUEST ===
[2025-12-07 09:45:07] ID Properti: 47
[2025-12-07 09:45:07] ID User dari GET: 10
[2025-12-07 09:45:07] Data ditemukan - Owner ID: 10, Request dari: 10
[2025-12-07 09:45:07] Data berhasil dimuat - Total foto: 4
[2025-12-07 10:18:55] === NEW REQUEST ===
[2025-12-07 10:18:55] ID Properti: 47
[2025-12-07 10:18:55] ID User dari GET: 10
[2025-12-07 10:18:55] Data ditemukan - Owner ID: 10, Request dari: 10
[2025-12-07 10:18:55] Data berhasil dimuat - Total foto: 4
[2025-12-07 10:22:47] === NEW REQUEST ===
[2025-12-07 10:22:47] ID Properti: 47
[2025-12-07 10:22:47] ID User dari GET: 10
[2025-12-07 10:22:47] Data ditemukan - Owner ID: 10, Request dari: 10
[2025-12-07 10:22:47] Data berhasil dimuat - Total foto: 4
[2025-12-07 11:06:49] === NEW REQUEST ===
[2025-12-07 11:06:49] ID Properti: 47
[2025-12-07 11:06:49] ID User dari GET: 10
[2025-12-07 11:06:49] Data ditemukan - Owner ID: 10, Request dari: 10
[2025-12-07 11:06:49] Data berhasil dimuat - Total foto: 4
